<?xml version="1.0" encoding="UTF-8"?>
<!-- Generated by org.testng.reporters.JUnitReportReporter -->
<testsuite hostname="Lenovo-PC" failures="0" tests="1" name="runner.TestRunner" time="24.140" errors="0" timestamp="2025-06-29T10:29:21 IST" skipped="0">
  <testcase classname="runner.TestRunner" name="runScenario" time="24.140"/>
</testsuite> <!-- runner.TestRunner -->
