<?xml version="1.0" encoding="UTF-8"?>
<!-- Generated by org.testng.reporters.JUnitReportReporter -->
<testsuite hostname="Lenovo-PC" failures="0" tests="3" name="runner.TestRunner" time="130.750" errors="0" timestamp="2025-07-13T15:21:12 IST" skipped="0">
  <testcase classname="runner.TestRunner" name="runScenario" time="26.368"/>
  <testcase classname="runner.TestRunner" name="runScenario" time="53.514"/>
  <testcase classname="runner.TestRunner" name="runScenario" time="50.868"/>
</testsuite> <!-- runner.TestRunner -->
