<?xml version="1.0" encoding="UTF-8"?>
<!-- Generated by org.testng.reporters.JUnitReportReporter -->
<testsuite hostname="Lenovo-PC" failures="0" tests="3" name="runner.TestRunner" time="107.120" errors="0" timestamp="2025-07-13T16:11:41 IST" skipped="0">
  <testcase classname="runner.TestRunner" name="runScenario" time="23.684"/>
  <testcase classname="runner.TestRunner" name="runScenario" time="28.723"/>
  <testcase classname="runner.TestRunner" name="runScenario" time="54.713"/>
</testsuite> <!-- runner.TestRunner -->
