<?xml version="1.0" encoding="UTF-8"?>
<!-- Generated by org.testng.reporters.JUnitReportReporter -->
<testsuite hostname="Lenovo-PC" failures="0" tests="3" name="runner.TestRunner" time="96.374" errors="0" timestamp="2025-07-13T09:32:14 IST" skipped="0">
  <testcase classname="runner.TestRunner" name="runScenario" time="30.356"/>
  <testcase classname="runner.TestRunner" name="runScenario" time="36.834"/>
  <testcase classname="runner.TestRunner" name="runScenario" time="29.184"/>
</testsuite> <!-- runner.TestRunner -->
